<?xml version="1.0" encoding="UTF-8"?>
<testng-results skipped="1" failed="0" total="3" passed="2">
  <reporter-output>
  </reporter-output>
  <suite name="Test suite" duration-ms="33610" started-at="2019-07-06T08:13:35Z" finished-at="2019-07-06T08:14:09Z">
    <groups>
    </groups>
    <test name="FirefoxDriver test" duration-ms="14755" started-at="2019-07-06T08:13:35Z" finished-at="2019-07-06T08:13:50Z">
      <class name="testCases.NewTest">
        <test-method status="PASS" signature="openuRL(java.lang.String)[pri:0, instance:testCases.NewTest@d041cf]" name="openuRL" is-config="true" duration-ms="8890" started-at="2019-07-06T13:43:35Z" finished-at="2019-07-06T13:43:44Z">
          <params>
            <param index="0">
              <value>
                <![CDATA[firefox]]>
              </value>
            </param>
          </params>
          <reporter-output>
          </reporter-output>
        </test-method> <!-- openuRL -->
        <test-method status="PASS" signature="f()[pri:0, instance:testCases.NewTest@d041cf]" name="f" duration-ms="4825" started-at="2019-07-06T13:43:44Z" finished-at="2019-07-06T13:43:49Z">
          <reporter-output>
          </reporter-output>
        </test-method> <!-- f -->
        <test-method status="PASS" signature="end()[pri:0, instance:testCases.NewTest@d041cf]" name="end" is-config="true" duration-ms="1021" started-at="2019-07-06T13:43:49Z" finished-at="2019-07-06T13:43:50Z">
          <reporter-output>
          </reporter-output>
        </test-method> <!-- end -->
      </class> <!-- testCases.NewTest -->
    </test> <!-- FirefoxDriver test -->
    <test name="Chrome test" duration-ms="16094" started-at="2019-07-06T08:13:50Z" finished-at="2019-07-06T08:14:06Z">
      <class name="testCases.NewTest">
        <test-method status="PASS" signature="openuRL(java.lang.String)[pri:0, instance:testCases.NewTest@17f6480]" name="openuRL" is-config="true" duration-ms="13502" started-at="2019-07-06T13:43:50Z" finished-at="2019-07-06T13:44:03Z">
          <params>
            <param index="0">
              <value>
                <![CDATA[Chrome]]>
              </value>
            </param>
          </params>
          <reporter-output>
          </reporter-output>
        </test-method> <!-- openuRL -->
        <test-method status="PASS" signature="f()[pri:0, instance:testCases.NewTest@17f6480]" name="f" duration-ms="1931" started-at="2019-07-06T13:44:03Z" finished-at="2019-07-06T13:44:05Z">
          <reporter-output>
          </reporter-output>
        </test-method> <!-- f -->
        <test-method status="PASS" signature="end()[pri:0, instance:testCases.NewTest@17f6480]" name="end" is-config="true" duration-ms="659" started-at="2019-07-06T13:44:05Z" finished-at="2019-07-06T13:44:06Z">
          <reporter-output>
          </reporter-output>
        </test-method> <!-- end -->
      </class> <!-- testCases.NewTest -->
    </test> <!-- Chrome test -->
    <test name="IEDriver test" duration-ms="2745" started-at="2019-07-06T08:14:06Z" finished-at="2019-07-06T08:14:09Z">
      <class name="testCases.NewTest">
        <test-method status="FAIL" signature="openuRL(java.lang.String)[pri:0, instance:testCases.NewTest@67b64c45]" name="openuRL" is-config="true" duration-ms="0" started-at="2019-07-06T13:44:06Z" finished-at="2019-07-06T13:44:06Z">
          <params>
            <param index="0">
              <value>
                <![CDATA[IE]]>
              </value>
            </param>
          </params>
          <exception class="org.openqa.selenium.NoSuchWindowException">
            <message>
              <![CDATA[Error retrieving window
Build info: version: '3.14.0', revision: 'aacccce0', time: '2018-08-02T20:19:58.91Z'
System info: host: 'DESKTOP-DVEOUHU', ip: '192.168.8.103', os.name: 'Windows 10', os.arch: 'amd64', os.version: '10.0', java.version: '1.8.0_191'
Driver info: org.openqa.selenium.ie.InternetExplorerDriver
Capabilities {acceptInsecureCerts: false, browserName: internet explorer, browserVersion: 11, javascriptEnabled: true, pageLoadStrategy: normal, platform: WINDOWS, platformName: WINDOWS, proxy: Proxy(), se:ieOptions: {browserAttachTimeout: 0, elementScrollBehavior: 0, enablePersistentHover: true, ie.browserCommandLineSwitches: , ie.ensureCleanSession: false, ie.fileUploadDialogTimeout: 3000, ie.forceCreateProcessApi: false, ignoreProtectedModeSettings: false, ignoreZoomSetting: false, initialBrowserUrl: http://localhost:6389/, nativeEvents: true, requireWindowFocus: false}, setWindowRect: true, timeouts: {implicit: 0, pageLoad: 300000, script: 30000}}
Session ID: de1c3b38-9691-4199-a9e5-5d492fa10020]]>
            </message>
            <full-stacktrace>
              <![CDATA[org.openqa.selenium.NoSuchWindowException: Error retrieving window
Build info: version: '3.14.0', revision: 'aacccce0', time: '2018-08-02T20:19:58.91Z'
System info: host: 'DESKTOP-DVEOUHU', ip: '192.168.8.103', os.name: 'Windows 10', os.arch: 'amd64', os.version: '10.0', java.version: '1.8.0_191'
Driver info: org.openqa.selenium.ie.InternetExplorerDriver
Capabilities {acceptInsecureCerts: false, browserName: internet explorer, browserVersion: 11, javascriptEnabled: true, pageLoadStrategy: normal, platform: WINDOWS, platformName: WINDOWS, proxy: Proxy(), se:ieOptions: {browserAttachTimeout: 0, elementScrollBehavior: 0, enablePersistentHover: true, ie.browserCommandLineSwitches: , ie.ensureCleanSession: false, ie.fileUploadDialogTimeout: 3000, ie.forceCreateProcessApi: false, ignoreProtectedModeSettings: false, ignoreZoomSetting: false, initialBrowserUrl: http://localhost:6389/, nativeEvents: true, requireWindowFocus: false}, setWindowRect: true, timeouts: {implicit: 0, pageLoad: 300000, script: 30000}}
Session ID: de1c3b38-9691-4199-a9e5-5d492fa10020
	at sun.reflect.NativeConstructorAccessorImpl.newInstance0(Native Method)
	at sun.reflect.NativeConstructorAccessorImpl.newInstance(NativeConstructorAccessorImpl.java:62)
	at sun.reflect.DelegatingConstructorAccessorImpl.newInstance(DelegatingConstructorAccessorImpl.java:45)
	at java.lang.reflect.Constructor.newInstance(Constructor.java:423)
	at org.openqa.selenium.remote.http.W3CHttpResponseCodec.createException(W3CHttpResponseCodec.java:187)
	at org.openqa.selenium.remote.http.W3CHttpResponseCodec.decode(W3CHttpResponseCodec.java:122)
	at org.openqa.selenium.remote.http.W3CHttpResponseCodec.decode(W3CHttpResponseCodec.java:49)
	at org.openqa.selenium.remote.HttpCommandExecutor.execute(HttpCommandExecutor.java:158)
	at org.openqa.selenium.remote.service.DriverCommandExecutor.execute(DriverCommandExecutor.java:83)
	at org.openqa.selenium.remote.RemoteWebDriver.execute(RemoteWebDriver.java:548)
	at org.openqa.selenium.remote.RemoteWebDriver.execute(RemoteWebDriver.java:605)
	at org.openqa.selenium.remote.RemoteWebDriver$RemoteWebDriverOptions$RemoteWindow.maximize(RemoteWebDriver.java:833)
	at testCases.NewTest.openuRL(NewTest.java:51)
	at sun.reflect.NativeMethodAccessorImpl.invoke0(Native Method)
	at sun.reflect.NativeMethodAccessorImpl.invoke(NativeMethodAccessorImpl.java:62)
	at sun.reflect.DelegatingMethodAccessorImpl.invoke(DelegatingMethodAccessorImpl.java:43)
	at java.lang.reflect.Method.invoke(Method.java:498)
	at org.testng.internal.MethodInvocationHelper.invokeMethod(MethodInvocationHelper.java:85)
	at org.testng.internal.Invoker.invokeConfigurationMethod(Invoker.java:521)
	at org.testng.internal.Invoker.invokeConfigurations(Invoker.java:213)
	at org.testng.internal.Invoker.invokeConfigurations(Invoker.java:140)
	at org.testng.TestRunner.beforeRun(TestRunner.java:645)
	at org.testng.TestRunner.run(TestRunner.java:613)
	at org.testng.SuiteRunner.runTest(SuiteRunner.java:357)
	at org.testng.SuiteRunner.runSequentially(SuiteRunner.java:352)
	at org.testng.SuiteRunner.privateRun(SuiteRunner.java:310)
	at org.testng.SuiteRunner.run(SuiteRunner.java:259)
	at org.testng.SuiteRunnerWorker.runSuite(SuiteRunnerWorker.java:52)
	at org.testng.SuiteRunnerWorker.run(SuiteRunnerWorker.java:86)
	at org.testng.TestNG.runSuitesSequentially(TestNG.java:1200)
	at org.testng.TestNG.runSuitesLocally(TestNG.java:1125)
	at org.testng.TestNG.run(TestNG.java:1033)
	at org.testng.remote.RemoteTestNG.run(RemoteTestNG.java:111)
	at org.testng.remote.RemoteTestNG.initAndRun(RemoteTestNG.java:204)
	at org.testng.remote.RemoteTestNG.main(RemoteTestNG.java:175)
]]>
            </full-stacktrace>
          </exception> <!-- org.openqa.selenium.NoSuchWindowException -->
          <reporter-output>
          </reporter-output>
        </test-method> <!-- openuRL -->
        <test-method status="SKIP" signature="f()[pri:0, instance:testCases.NewTest@67b64c45]" name="f" duration-ms="1" started-at="2019-07-06T13:44:09Z" finished-at="2019-07-06T13:44:09Z">
          <reporter-output>
          </reporter-output>
        </test-method> <!-- f -->
        <test-method status="SKIP" signature="end()[pri:0, instance:testCases.NewTest@67b64c45]" name="end" is-config="true" duration-ms="0" started-at="2019-07-06T13:44:09Z" finished-at="2019-07-06T13:44:09Z">
          <reporter-output>
          </reporter-output>
        </test-method> <!-- end -->
      </class> <!-- testCases.NewTest -->
    </test> <!-- IEDriver test -->
  </suite> <!-- Test suite -->
</testng-results>
