<?xml version="1.0" encoding="UTF-8"?>
<testng-results skipped="0" failed="1" total="3" passed="2">
  <reporter-output>
  </reporter-output>
  <suite name="Test suite" duration-ms="155074" started-at="2019-07-03T09:55:02Z" finished-at="2019-07-03T09:57:37Z">
    <groups>
    </groups>
    <test name="FirefoxDriver test" duration-ms="14846" started-at="2019-07-03T09:55:02Z" finished-at="2019-07-03T09:55:17Z">
      <class name="testCases.NewTest">
        <test-method status="PASS" signature="openuRL(java.lang.String)[pri:0, instance:testCases.NewTest@d041cf]" name="openuRL" is-config="true" duration-ms="9228" started-at="2019-07-03T15:25:02Z" finished-at="2019-07-03T15:25:11Z">
          <params>
            <param index="0">
              <value>
                <![CDATA[firefox]]>
              </value>
            </param>
          </params>
          <reporter-output>
          </reporter-output>
        </test-method> <!-- openuRL -->
        <test-method status="PASS" signature="f()[pri:0, instance:testCases.NewTest@d041cf]" name="f" duration-ms="4392" started-at="2019-07-03T15:25:11Z" finished-at="2019-07-03T15:25:15Z">
          <reporter-output>
          </reporter-output>
        </test-method> <!-- f -->
        <test-method status="PASS" signature="end()[pri:0, instance:testCases.NewTest@d041cf]" name="end" is-config="true" duration-ms="1218" started-at="2019-07-03T15:25:15Z" finished-at="2019-07-03T15:25:17Z">
          <reporter-output>
          </reporter-output>
        </test-method> <!-- end -->
      </class> <!-- testCases.NewTest -->
    </test> <!-- FirefoxDriver test -->
    <test name="Chrome test" duration-ms="18544" started-at="2019-07-03T09:55:17Z" finished-at="2019-07-03T09:55:35Z">
      <class name="testCases.NewTest">
        <test-method status="PASS" signature="openuRL(java.lang.String)[pri:0, instance:testCases.NewTest@17f6480]" name="openuRL" is-config="true" duration-ms="13009" started-at="2019-07-03T15:25:17Z" finished-at="2019-07-03T15:25:30Z">
          <params>
            <param index="0">
              <value>
                <![CDATA[Chrome]]>
              </value>
            </param>
          </params>
          <reporter-output>
          </reporter-output>
        </test-method> <!-- openuRL -->
        <test-method status="PASS" signature="f()[pri:0, instance:testCases.NewTest@17f6480]" name="f" duration-ms="4795" started-at="2019-07-03T15:25:30Z" finished-at="2019-07-03T15:25:34Z">
          <reporter-output>
          </reporter-output>
        </test-method> <!-- f -->
        <test-method status="PASS" signature="end()[pri:0, instance:testCases.NewTest@17f6480]" name="end" is-config="true" duration-ms="739" started-at="2019-07-03T15:25:34Z" finished-at="2019-07-03T15:25:35Z">
          <reporter-output>
          </reporter-output>
        </test-method> <!-- end -->
      </class> <!-- testCases.NewTest -->
    </test> <!-- Chrome test -->
    <test name="IEDriver test" duration-ms="121651" started-at="2019-07-03T09:55:35Z" finished-at="2019-07-03T09:57:37Z">
      <class name="testCases.NewTest">
        <test-method status="PASS" signature="openuRL(java.lang.String)[pri:0, instance:testCases.NewTest@67b64c45]" name="openuRL" is-config="true" duration-ms="5068" started-at="2019-07-03T15:25:35Z" finished-at="2019-07-03T15:25:40Z">
          <params>
            <param index="0">
              <value>
                <![CDATA[IE]]>
              </value>
            </param>
          </params>
          <reporter-output>
          </reporter-output>
        </test-method> <!-- openuRL -->
        <test-method status="FAIL" signature="f()[pri:0, instance:testCases.NewTest@67b64c45]" name="f" duration-ms="116031" started-at="2019-07-03T15:25:40Z" finished-at="2019-07-03T15:27:36Z">
          <exception class="org.openqa.selenium.NoSuchWindowException">
            <message>
              <![CDATA[Currently focused window has been closed.
Build info: version: '3.14.0', revision: 'aacccce0', time: '2018-08-02T20:19:58.91Z'
System info: host: 'DESKTOP-DVEOUHU', ip: '192.168.8.128', os.name: 'Windows 10', os.arch: 'amd64', os.version: '10.0', java.version: '1.8.0_191'
Driver info: org.openqa.selenium.ie.InternetExplorerDriver
Capabilities {acceptInsecureCerts: false, browserName: internet explorer, browserVersion: 11, javascriptEnabled: true, pageLoadStrategy: normal, platform: WINDOWS, platformName: WINDOWS, proxy: Proxy(), se:ieOptions: {browserAttachTimeout: 0, elementScrollBehavior: 0, enablePersistentHover: true, ie.browserCommandLineSwitches: , ie.ensureCleanSession: false, ie.fileUploadDialogTimeout: 3000, ie.forceCreateProcessApi: false, ignoreProtectedModeSettings: false, ignoreZoomSetting: false, initialBrowserUrl: http://localhost:47185/, nativeEvents: true, requireWindowFocus: false}, setWindowRect: true, timeouts: {implicit: 0, pageLoad: 300000, script: 30000}}
Session ID: e74f4809-7d53-436c-a317-0b08c4a966af
*** Element info: {Using=xpath, value=//input[@id='password']}]]>
            </message>
            <full-stacktrace>
              <![CDATA[org.openqa.selenium.NoSuchWindowException: Currently focused window has been closed.
Build info: version: '3.14.0', revision: 'aacccce0', time: '2018-08-02T20:19:58.91Z'
System info: host: 'DESKTOP-DVEOUHU', ip: '192.168.8.128', os.name: 'Windows 10', os.arch: 'amd64', os.version: '10.0', java.version: '1.8.0_191'
Driver info: org.openqa.selenium.ie.InternetExplorerDriver
Capabilities {acceptInsecureCerts: false, browserName: internet explorer, browserVersion: 11, javascriptEnabled: true, pageLoadStrategy: normal, platform: WINDOWS, platformName: WINDOWS, proxy: Proxy(), se:ieOptions: {browserAttachTimeout: 0, elementScrollBehavior: 0, enablePersistentHover: true, ie.browserCommandLineSwitches: , ie.ensureCleanSession: false, ie.fileUploadDialogTimeout: 3000, ie.forceCreateProcessApi: false, ignoreProtectedModeSettings: false, ignoreZoomSetting: false, initialBrowserUrl: http://localhost:47185/, nativeEvents: true, requireWindowFocus: false}, setWindowRect: true, timeouts: {implicit: 0, pageLoad: 300000, script: 30000}}
Session ID: e74f4809-7d53-436c-a317-0b08c4a966af
*** Element info: {Using=xpath, value=//input[@id='password']}
	at sun.reflect.NativeConstructorAccessorImpl.newInstance0(Native Method)
	at sun.reflect.NativeConstructorAccessorImpl.newInstance(NativeConstructorAccessorImpl.java:62)
	at sun.reflect.DelegatingConstructorAccessorImpl.newInstance(DelegatingConstructorAccessorImpl.java:45)
	at java.lang.reflect.Constructor.newInstance(Constructor.java:423)
	at org.openqa.selenium.remote.http.W3CHttpResponseCodec.createException(W3CHttpResponseCodec.java:187)
	at org.openqa.selenium.remote.http.W3CHttpResponseCodec.decode(W3CHttpResponseCodec.java:122)
	at org.openqa.selenium.remote.http.W3CHttpResponseCodec.decode(W3CHttpResponseCodec.java:49)
	at org.openqa.selenium.remote.HttpCommandExecutor.execute(HttpCommandExecutor.java:158)
	at org.openqa.selenium.remote.service.DriverCommandExecutor.execute(DriverCommandExecutor.java:83)
	at org.openqa.selenium.remote.RemoteWebDriver.execute(RemoteWebDriver.java:548)
	at org.openqa.selenium.remote.RemoteWebDriver.findElement(RemoteWebDriver.java:322)
	at org.openqa.selenium.remote.RemoteWebDriver.findElementByXPath(RemoteWebDriver.java:424)
	at org.openqa.selenium.By$ByXPath.findElement(By.java:353)
	at org.openqa.selenium.remote.RemoteWebDriver.findElement(RemoteWebDriver.java:314)
	at testCases.NewTest.f(NewTest.java:62)
	at sun.reflect.NativeMethodAccessorImpl.invoke0(Native Method)
	at sun.reflect.NativeMethodAccessorImpl.invoke(NativeMethodAccessorImpl.java:62)
	at sun.reflect.DelegatingMethodAccessorImpl.invoke(DelegatingMethodAccessorImpl.java:43)
	at java.lang.reflect.Method.invoke(Method.java:498)
	at org.testng.internal.MethodInvocationHelper.invokeMethod(MethodInvocationHelper.java:85)
	at org.testng.internal.Invoker.invokeMethod(Invoker.java:663)
	at org.testng.internal.Invoker.invokeTestMethod(Invoker.java:849)
	at org.testng.internal.Invoker.invokeTestMethods(Invoker.java:1157)
	at org.testng.internal.TestMethodWorker.invokeTestMethods(TestMethodWorker.java:124)
	at org.testng.internal.TestMethodWorker.run(TestMethodWorker.java:108)
	at org.testng.TestRunner.privateRun(TestRunner.java:771)
	at org.testng.TestRunner.run(TestRunner.java:621)
	at org.testng.SuiteRunner.runTest(SuiteRunner.java:357)
	at org.testng.SuiteRunner.access$000(SuiteRunner.java:38)
	at org.testng.SuiteRunner$SuiteWorker.run(SuiteRunner.java:391)
	at org.testng.internal.thread.ThreadUtil$2.call(ThreadUtil.java:64)
	at java.util.concurrent.FutureTask.run(FutureTask.java:266)
	at java.util.concurrent.ThreadPoolExecutor.runWorker(ThreadPoolExecutor.java:1149)
	at java.util.concurrent.ThreadPoolExecutor$Worker.run(ThreadPoolExecutor.java:624)
	at java.lang.Thread.run(Thread.java:748)
]]>
            </full-stacktrace>
          </exception> <!-- org.openqa.selenium.NoSuchWindowException -->
          <reporter-output>
          </reporter-output>
        </test-method> <!-- f -->
        <test-method status="PASS" signature="end()[pri:0, instance:testCases.NewTest@67b64c45]" name="end" is-config="true" duration-ms="547" started-at="2019-07-03T15:27:36Z" finished-at="2019-07-03T15:27:37Z">
          <reporter-output>
          </reporter-output>
        </test-method> <!-- end -->
      </class> <!-- testCases.NewTest -->
    </test> <!-- IEDriver test -->
  </suite> <!-- Test suite -->
</testng-results>
